/*C2*/SET SCHEMA PUBLIC
DISCONNECT
/*C3*/SET SCHEMA PUBLIC
DISCONNECT
/*C4*/SET SCHEMA PUBLIC
DISCONNECT
/*C7*/SET SCHEMA PUBLIC
DISCONNECT
/*C8*/SET SCHEMA PUBLIC
SET SCHEMA PUBLIC
SET SCHEMA PUBLIC
CREATE TABLE PRODUCTS (ID INTEGER NOT NULL IDENTITY, NAME VARCHAR(255), STOCK INTEGER, PRICE DECIMAL(100,2), ACTIVE BIT, DATE_ADDED DATE)
ALTER TABLE PRODUCTS ALTER COLUMN ID RESTART WITH 1
INSERT INTO PRODUCTS VALUES(1,'Milk',333,1.72,'1','2023-01-01')
COMMIT
INSERT INTO PRODUCTS VALUES(2,'Norwegian salmon',45,10.89,'1','2023-01-01')
COMMIT
INSERT INTO PRODUCTS VALUES(3,'Pork ribs',70,5.75,'1','2023-02-01')
COMMIT
INSERT INTO PRODUCTS VALUES(4,'Gazpacho',0,1.77,'0','2023-01-01')
COMMIT
INSERT INTO PRODUCTS VALUES(5,'Cured cheese',15,5.45,'1','2023-02-01')
COMMIT
INSERT INTO PRODUCTS VALUES(6,'Oranges',425,1.89,'1','2023-01-01')
COMMIT
/*C9*/SET SCHEMA PUBLIC
SET SCHEMA PUBLIC
SET SCHEMA PUBLIC
CREATE TABLE Contactos (\u000a    ID INT GENERATED BY DEFAULT AS IDENTITY PRIMARY KEY,\u000a    Nombre VARCHAR(50) NOT NULL,\u000a    PrimerApellido VARCHAR(50) NOT NULL,\u000a    SegundoApellido VARCHAR(50),\u000a    Telefono VARCHAR(15),\u000a    CorreoElectronico VARCHAR(100)\u000a)
/*C5*/SET SCHEMA PUBLIC
DROP TABLE PUBLIC.PUBLIC.CONTACTOS
/*C9*/CREATE TABLE Contactos (\u000a    ID INT GENERATED BY DEFAULT AS IDENTITY PRIMARY KEY,\u000a    Nombre VARCHAR(50) NOT NULL,\u000a    Primer_Apellido VARCHAR(50) NOT NULL,\u000a    Segundo_Apellido VARCHAR(50),\u000a    Telefono VARCHAR(15),\u000a    Email VARCHAR(100)\u000a)
ALTER TABLE PUBLIC.CONTACTOS  ALTER COLUMN ID RESTART WITH 1
